# 全量扫描 - 剩余未汉化英文字符串
> 扫描时间: 2026-05-21
> 扫描模式: ImGui.Text/TextUnformatted/Selectable/MenuItem/Button 中以大写字母开头的字符串
> 更新时间: 2026-05-21 (7个批次全部完成)

## 已完成汉化的条目 ✅

### 批次1: Filters/Abstract ✅
- ✅ MultipleChoiceFilter.cs - "Add All" → "添加全部"
- ✅ ColorFilter.cs - "Clear Color" → "清除颜色"
- ✅ CharacterScopeFilter.cs - "Test Scopes" → "测试范围"
- ✅ CharacterScopeFilter.cs - "The following characters will be searched in: " → "将搜索以下角色："

### 批次2: Filters/具体 ✅
- ✅ CraftItemIngredientOverridesFilter.cs - "Clear All##ItemOverrides" → "清除全部##ItemOverrides"
- ✅ CraftItemIngredientOverridesFilter.cs - "No per-item overrides set." → "未设置物品覆盖。"
- ✅ CraftIngredientPreferenceFilter.cs - "Add Item Preference:" → "添加物品偏好："
- ✅ IngredientSearchFilter.cs - "Add all from filter" → "从筛选器添加全部"
- ✅ ColumnsFilter.cs - "Edit##Column" → "编辑##Column", "Add Column" → "添加列", "Add" → "添加"

### 批次3: Columns ✅
- ✅ CraftColumnsFilter.cs - "Add Column" → "添加列", "Add" → "添加"
- ✅ CraftCalculatorColumn.cs - "Calculate Crafts" → "计算制作"
- ✅ CraftAmountRequiredColumn.cs - "Ingredients: " → "材料："
- ✅ UptimeColumn.cs - "Up in " → "刷新倒计时 "

### 批次4: Editors ✅
- ✅ InventoryScopePicker.cs - 全部6处汉化
- ✅ CharacterScopePicker.cs - 全部6处汉化

### 批次5: Highlighting+EquipSuggest+Compendium ✅
- ✅ ShopHighlighting.cs - "Add Item" → "添加物品", "Remove Item" → "移除物品"
- ✅ EquipmentSuggestSuggestionColumn.cs - 长文本汉化
- ✅ EquipmentSuggestSelectedSecondaryItemColumn.cs - "No item selected" → "未选择物品"
- ✅ CompendiumViewBuilder.cs - "Moving: " → "移动中："

### 批次6: Compendium续 ✅
- ✅ SingleRowRefSection.cs - 2处汉化
- ✅ ItemListSection.cs - "Compact View" → "紧凑视图", "List View" → "列表视图"
- ✅ CollectionRowRefSection.cs - 3处汉化
- ✅ MapLinkEntryMenuProvider.cs - "Show on Map" → "在地图上显示", "Teleport" → "传送"

### 批次7: Windows ✅
- ✅ RetainerTaskWindow.cs - "Duty ID: " → "副本 ID："
- ✅ ENpcWindow.cs - "Copy" → "复制"
- ✅ DutyWindow.cs - "Duty ID: " → "副本 ID："
- ✅ BNpcWindow.cs - "Copy" → "复制"

## 保留不翻译的条目 (内部ID/品牌名)

### Settings 功能按钮 (Reset##)
- BooleanFilter.cs - "Reset##"
- StringFilter.cs - "Reset##"
- SortedListFilter.cs - "Top##Column" / "Up##Column" / "Down##Column" / "Bottom##Column" / "Reset##"
- MultipleChoiceFilter.cs - "Reset##"
- InventoryScopeFilter.cs - "Reset##Reset"
- ColorFilter.cs - "Reset##"
- ChoiceFilter.cs - "Reset##"
- ContextMenuItemSearchScopeSetting.cs - "Reset##"
- GameColorSetting.cs - "Reset##"
- TooltipLocationScopeLimitSetting.cs - "Reset##"
- TooltipGlamourReadySetScopeSetting.cs - "Reset##"
- TooltipCofferLootScopeSetting.cs - "Reset##"
- SourceIconGroupingSetting.cs - "Reset##Reset"
- GenericColorSetting.cs - "Reset##"
- StringColumnSetting.cs - "Reset##"
- MultiChoiceColumnSetting.cs - "Reset##"
- ChoiceColumnSetting.cs - "Reset##"

### 其他
- HorizontalSplitter.cs - "DraggerBtn" (内部ID)
- Ko-Fi (品牌名)
